{"/Users/linpengteng/Library/WorkSpaces/github/vscode/js-uniquener/src/index.ts": {"path":"/Users/linpengteng/Library/WorkSpaces/github/vscode/js-uniquener/src/index.ts","statementMap":{"0":{"start":{"line":1,"column":0},"end":{"line":1,"column":27}},"1":{"start":{"line":39,"column":28},"end":{"line":39,"column":41}},"2":{"start":{"line":45,"column":33},"end":{"line":237,"column":1}},"3":{"start":{"line":46,"column":20},"end":{"line":46,"column":37}},"4":{"start":{"line":47,"column":21},"end":{"line":47,"column":39}},"5":{"start":{"line":48,"column":22},"end":{"line":48,"column":41}},"6":{"start":{"line":49,"column":26},"end":{"line":49,"column":59}},"7":{"start":{"line":50,"column":28},"end":{"line":50,"column":87}},"8":{"start":{"line":51,"column":29},"end":{"line":51,"column":91}},"9":{"start":{"line":51,"column":89},"end":{"line":51,"column":90}},"10":{"start":{"line":52,"column":30},"end":{"line":52,"column":91}},"11":{"start":{"line":53,"column":29},"end":{"line":53,"column":105}},"12":{"start":{"line":55,"column":14},"end":{"line":55,"column":33}},"13":{"start":{"line":56,"column":15},"end":{"line":56,"column":36}},"14":{"start":{"line":57,"column":15},"end":{"line":57,"column":37}},"15":{"start":{"line":58,"column":17},"end":{"line":58,"column":77}},"16":{"start":{"line":60,"column":2},"end":{"line":70,"column":3}},"17":{"start":{"line":61,"column":4},"end":{"line":69,"column":5}},"18":{"start":{"line":62,"column":6},"end":{"line":62,"column":null}},"19":{"start":{"line":62,"column":65},"end":{"line":62,"column":114}},"20":{"start":{"line":63,"column":6},"end":{"line":63,"column":null}},"21":{"start":{"line":63,"column":63},"end":{"line":63,"column":112}},"22":{"start":{"line":64,"column":6},"end":{"line":64,"column":null}},"23":{"start":{"line":65,"column":6},"end":{"line":65,"column":null}},"24":{"start":{"line":72,"column":2},"end":{"line":74,"column":3}},"25":{"start":{"line":73,"column":4},"end":{"line":73,"column":null}},"26":{"start":{"line":76,"column":2},"end":{"line":78,"column":3}},"27":{"start":{"line":77,"column":4},"end":{"line":77,"column":null}},"28":{"start":{"line":80,"column":2},"end":{"line":83,"column":3}},"29":{"start":{"line":81,"column":4},"end":{"line":81,"column":null}},"30":{"start":{"line":82,"column":4},"end":{"line":82,"column":null}},"31":{"start":{"line":85,"column":2},"end":{"line":93,"column":3}},"32":{"start":{"line":86,"column":4},"end":{"line":92,"column":5}},"33":{"start":{"line":87,"column":6},"end":{"line":87,"column":null}},"34":{"start":{"line":87,"column":33},"end":{"line":87,"column":82}},"35":{"start":{"line":88,"column":6},"end":{"line":88,"column":null}},"36":{"start":{"line":95,"column":2},"end":{"line":103,"column":3}},"37":{"start":{"line":96,"column":4},"end":{"line":102,"column":5}},"38":{"start":{"line":97,"column":6},"end":{"line":97,"column":null}},"39":{"start":{"line":97,"column":33},"end":{"line":97,"column":82}},"40":{"start":{"line":98,"column":6},"end":{"line":98,"column":null}},"41":{"start":{"line":105,"column":15},"end":{"line":105,"column":17}},"42":{"start":{"line":106,"column":19},"end":{"line":106,"column":23}},"43":{"start":{"line":107,"column":26},"end":{"line":107,"column":31}},"44":{"start":{"line":108,"column":21},"end":{"line":108,"column":42}},"45":{"start":{"line":109,"column":21},"end":{"line":109,"column":77}},"46":{"start":{"line":109,"column":60},"end":{"line":109,"column":76}},"47":{"start":{"line":110,"column":23},"end":{"line":110,"column":46}},"48":{"start":{"line":112,"column":36},"end":{"line":121,"column":3}},"49":{"start":{"line":113,"column":16},"end":{"line":113,"column":23}},"50":{"start":{"line":114,"column":16},"end":{"line":114,"column":23}},"51":{"start":{"line":115,"column":18},"end":{"line":115,"column":27}},"52":{"start":{"line":116,"column":22},"end":{"line":116,"column":35}},"53":{"start":{"line":118,"column":4},"end":{"line":120,"column":null}},"54":{"start":{"line":123,"column":2},"end":{"line":209,"column":3}},"55":{"start":{"line":124,"column":21},"end":{"line":187,"column":6}},"56":{"start":{"line":125,"column":6},"end":{"line":184,"column":7}},"57":{"start":{"line":126,"column":36},"end":{"line":126,"column":45}},"58":{"start":{"line":127,"column":23},"end":{"line":127,"column":46}},"59":{"start":{"line":128,"column":23},"end":{"line":128,"column":60}},"60":{"start":{"line":129,"column":24},"end":{"line":129,"column":86}},"61":{"start":{"line":129,"column":45},"end":{"line":129,"column":85}},"62":{"start":{"line":130,"column":24},"end":{"line":130,"column":90}},"63":{"start":{"line":130,"column":41},"end":{"line":130,"column":90}},"64":{"start":{"line":131,"column":23},"end":{"line":131,"column":116}},"65":{"start":{"line":131,"column":40},"end":{"line":131,"column":116}},"66":{"start":{"line":133,"column":8},"end":{"line":155,"column":9}},"67":{"start":{"line":134,"column":23},"end":{"line":134,"column":33}},"68":{"start":{"line":135,"column":23},"end":{"line":135,"column":42}},"69":{"start":{"line":136,"column":23},"end":{"line":136,"column":46}},"70":{"start":{"line":137,"column":24},"end":{"line":137,"column":102}},"71":{"start":{"line":138,"column":25},"end":{"line":138,"column":97}},"72":{"start":{"line":139,"column":25},"end":{"line":139,"column":97}},"73":{"start":{"line":140,"column":24},"end":{"line":140,"column":173}},"74":{"start":{"line":141,"column":24},"end":{"line":141,"column":90}},"75":{"start":{"line":142,"column":22},"end":{"line":142,"column":85}},"76":{"start":{"line":144,"column":10},"end":{"line":154,"column":null}},"77":{"start":{"line":157,"column":25},"end":{"line":173,"column":18}},"78":{"start":{"line":158,"column":10},"end":{"line":166,"column":11}},"79":{"start":{"line":159,"column":25},"end":{"line":159,"column":58}},"80":{"start":{"line":160,"column":25},"end":{"line":160,"column":58}},"81":{"start":{"line":161,"column":25},"end":{"line":161,"column":56}},"82":{"start":{"line":162,"column":25},"end":{"line":162,"column":56}},"83":{"start":{"line":163,"column":26},"end":{"line":163,"column":46}},"84":{"start":{"line":164,"column":27},"end":{"line":164,"column":51}},"85":{"start":{"line":165,"column":12},"end":{"line":165,"column":null}},"86":{"start":{"line":168,"column":10},"end":{"line":170,"column":11}},"87":{"start":{"line":169,"column":12},"end":{"line":169,"column":null}},"88":{"start":{"line":172,"column":10},"end":{"line":172,"column":null}},"89":{"start":{"line":175,"column":21},"end":{"line":175,"column":41}},"90":{"start":{"line":176,"column":22},"end":{"line":176,"column":51}},"91":{"start":{"line":176,"column":43},"end":{"line":176,"column":50}},"92":{"start":{"line":178,"column":8},"end":{"line":183,"column":null}},"93":{"start":{"line":189,"column":16},"end":{"line":189,"column":17}},"94":{"start":{"line":190,"column":16},"end":{"line":190,"column":25}},"95":{"start":{"line":191,"column":18},"end":{"line":191,"column":46}},"96":{"start":{"line":193,"column":4},"end":{"line":197,"column":null}},"97":{"start":{"line":194,"column":21},"end":{"line":194,"column":61}},"98":{"start":{"line":195,"column":16},"end":{"line":195,"column":77}},"99":{"start":{"line":199,"column":4},"end":{"line":208,"column":5}},"100":{"start":{"line":200,"column":6},"end":{"line":207,"column":7}},"101":{"start":{"line":201,"column":8},"end":{"line":201,"column":null}},"102":{"start":{"line":202,"column":8},"end":{"line":202,"column":null}},"103":{"start":{"line":203,"column":8},"end":{"line":203,"column":null}},"104":{"start":{"line":236,"column":2},"end":{"line":236,"column":null}},"105":{"start":{"line":239,"column":0},"end":{"line":239,"column":null}}},"fnMap":{"0":{"name":"(anonymous_1)","decl":{"start":{"line":45,"column":33},"end":{"line":45,"column":34}},"loc":{"start":{"line":45,"column":50},"end":{"line":237,"column":1}}},"1":{"name":"(anonymous_2)","decl":{"start":{"line":50,"column":58},"end":{"line":50,"column":59}},"loc":{"start":{"line":50,"column":83},"end":{"line":50,"column":86}}},"2":{"name":"(anonymous_3)","decl":{"start":{"line":51,"column":60},"end":{"line":51,"column":61}},"loc":{"start":{"line":51,"column":89},"end":{"line":51,"column":90}}},"3":{"name":"(anonymous_4)","decl":{"start":{"line":52,"column":62},"end":{"line":52,"column":63}},"loc":{"start":{"line":52,"column":87},"end":{"line":52,"column":90}}},"4":{"name":"(anonymous_5)","decl":{"start":{"line":62,"column":58},"end":{"line":62,"column":61}},"loc":{"start":{"line":62,"column":65},"end":{"line":62,"column":114}}},"5":{"name":"(anonymous_6)","decl":{"start":{"line":63,"column":56},"end":{"line":63,"column":59}},"loc":{"start":{"line":63,"column":63},"end":{"line":63,"column":112}}},"6":{"name":"(anonymous_7)","decl":{"start":{"line":87,"column":26},"end":{"line":87,"column":29}},"loc":{"start":{"line":87,"column":33},"end":{"line":87,"column":82}}},"7":{"name":"(anonymous_8)","decl":{"start":{"line":97,"column":26},"end":{"line":97,"column":29}},"loc":{"start":{"line":97,"column":33},"end":{"line":97,"column":82}}},"8":{"name":"(anonymous_9)","decl":{"start":{"line":109,"column":48},"end":{"line":109,"column":49}},"loc":{"start":{"line":109,"column":60},"end":{"line":109,"column":76}}},"9":{"name":"(anonymous_10)","decl":{"start":{"line":112,"column":36},"end":{"line":112,"column":39}},"loc":{"start":{"line":112,"column":42},"end":{"line":121,"column":3}}},"10":{"name":"(anonymous_11)","decl":{"start":{"line":124,"column":54},"end":{"line":124,"column":55}},"loc":{"start":{"line":124,"column":71},"end":{"line":187,"column":5}}},"11":{"name":"(anonymous_12)","decl":{"start":{"line":129,"column":38},"end":{"line":129,"column":41}},"loc":{"start":{"line":129,"column":45},"end":{"line":129,"column":85}}},"12":{"name":"(anonymous_13)","decl":{"start":{"line":130,"column":24},"end":{"line":130,"column":25}},"loc":{"start":{"line":130,"column":41},"end":{"line":130,"column":90}}},"13":{"name":"(anonymous_14)","decl":{"start":{"line":131,"column":23},"end":{"line":131,"column":24}},"loc":{"start":{"line":131,"column":40},"end":{"line":131,"column":116}}},"14":{"name":"(anonymous_15)","decl":{"start":{"line":157,"column":40},"end":{"line":157,"column":41}},"loc":{"start":{"line":157,"column":59},"end":{"line":173,"column":9}}},"15":{"name":"(anonymous_16)","decl":{"start":{"line":176,"column":34},"end":{"line":176,"column":39}},"loc":{"start":{"line":176,"column":43},"end":{"line":176,"column":50}}},"16":{"name":"(anonymous_17)","decl":{"start":{"line":194,"column":14},"end":{"line":194,"column":17}},"loc":{"start":{"line":194,"column":21},"end":{"line":194,"column":61}}},"17":{"name":"(anonymous_18)","decl":{"start":{"line":195,"column":11},"end":{"line":195,"column":12}},"loc":{"start":{"line":195,"column":16},"end":{"line":195,"column":77}}}},"branchMap":{"0":{"loc":{"start":{"line":45,"column":34},"end":{"line":45,"column":46}},"type":"default-arg","locations":[{"start":{"line":45,"column":44},"end":{"line":45,"column":46}}]},"1":{"loc":{"start":{"line":50,"column":28},"end":{"line":50,"column":87}},"type":"binary-expr","locations":[{"start":{"line":50,"column":28},"end":{"line":50,"column":53}},{"start":{"line":50,"column":58},"end":{"line":50,"column":86}}]},"2":{"loc":{"start":{"line":51,"column":29},"end":{"line":51,"column":91}},"type":"binary-expr","locations":[{"start":{"line":51,"column":29},"end":{"line":51,"column":55}},{"start":{"line":51,"column":60},"end":{"line":51,"column":90}}]},"3":{"loc":{"start":{"line":52,"column":30},"end":{"line":52,"column":91}},"type":"binary-expr","locations":[{"start":{"line":52,"column":30},"end":{"line":52,"column":57}},{"start":{"line":52,"column":62},"end":{"line":52,"column":90}}]},"4":{"loc":{"start":{"line":53,"column":29},"end":{"line":53,"column":105}},"type":"binary-expr","locations":[{"start":{"line":53,"column":29},"end":{"line":53,"column":53}},{"start":{"line":53,"column":57},"end":{"line":53,"column":105}}]},"5":{"loc":{"start":{"line":55,"column":14},"end":{"line":55,"column":33}},"type":"binary-expr","locations":[{"start":{"line":55,"column":14},"end":{"line":55,"column":27}},{"start":{"line":55,"column":31},"end":{"line":55,"column":33}}]},"6":{"loc":{"start":{"line":56,"column":15},"end":{"line":56,"column":36}},"type":"binary-expr","locations":[{"start":{"line":56,"column":15},"end":{"line":56,"column":29}},{"start":{"line":56,"column":33},"end":{"line":56,"column":36}}]},"7":{"loc":{"start":{"line":57,"column":15},"end":{"line":57,"column":37}},"type":"binary-expr","locations":[{"start":{"line":57,"column":15},"end":{"line":57,"column":29}},{"start":{"line":57,"column":33},"end":{"line":57,"column":37}}]},"8":{"loc":{"start":{"line":58,"column":17},"end":{"line":58,"column":77}},"type":"cond-expr","locations":[{"start":{"line":58,"column":56},"end":{"line":58,"column":72}},{"start":{"line":58,"column":75},"end":{"line":58,"column":77}}]},"9":{"loc":{"start":{"line":60,"column":2},"end":{"line":70,"column":3}},"type":"if","locations":[{"start":{"line":60,"column":2},"end":{"line":70,"column":3}}]},"10":{"loc":{"start":{"line":62,"column":6},"end":{"line":62,"column":115}},"type":"binary-expr","locations":[{"start":{"line":62,"column":6},"end":{"line":62,"column":34}},{"start":{"line":62,"column":38},"end":{"line":62,"column":115}}]},"11":{"loc":{"start":{"line":62,"column":65},"end":{"line":62,"column":114}},"type":"binary-expr","locations":[{"start":{"line":62,"column":65},"end":{"line":62,"column":88}},{"start":{"line":62,"column":92},"end":{"line":62,"column":114}}]},"12":{"loc":{"start":{"line":63,"column":6},"end":{"line":63,"column":113}},"type":"binary-expr","locations":[{"start":{"line":63,"column":6},"end":{"line":63,"column":32}},{"start":{"line":63,"column":36},"end":{"line":63,"column":113}}]},"13":{"loc":{"start":{"line":63,"column":63},"end":{"line":63,"column":112}},"type":"binary-expr","locations":[{"start":{"line":63,"column":63},"end":{"line":63,"column":86}},{"start":{"line":63,"column":90},"end":{"line":63,"column":112}}]},"14":{"loc":{"start":{"line":72,"column":2},"end":{"line":74,"column":3}},"type":"if","locations":[{"start":{"line":72,"column":2},"end":{"line":74,"column":3}}]},"15":{"loc":{"start":{"line":76,"column":2},"end":{"line":78,"column":3}},"type":"if","locations":[{"start":{"line":76,"column":2},"end":{"line":78,"column":3}}]},"16":{"loc":{"start":{"line":80,"column":2},"end":{"line":83,"column":3}},"type":"if","locations":[{"start":{"line":80,"column":2},"end":{"line":83,"column":3}}]},"17":{"loc":{"start":{"line":85,"column":2},"end":{"line":93,"column":3}},"type":"if","locations":[{"start":{"line":85,"column":2},"end":{"line":93,"column":3}}]},"18":{"loc":{"start":{"line":87,"column":33},"end":{"line":87,"column":82}},"type":"binary-expr","locations":[{"start":{"line":87,"column":33},"end":{"line":87,"column":56}},{"start":{"line":87,"column":60},"end":{"line":87,"column":82}}]},"19":{"loc":{"start":{"line":95,"column":2},"end":{"line":103,"column":3}},"type":"if","locations":[{"start":{"line":95,"column":2},"end":{"line":103,"column":3}}]},"20":{"loc":{"start":{"line":97,"column":33},"end":{"line":97,"column":82}},"type":"binary-expr","locations":[{"start":{"line":97,"column":33},"end":{"line":97,"column":56}},{"start":{"line":97,"column":60},"end":{"line":97,"column":82}}]},"21":{"loc":{"start":{"line":108,"column":21},"end":{"line":108,"column":42}},"type":"cond-expr","locations":[{"start":{"line":108,"column":36},"end":{"line":108,"column":38}},{"start":{"line":108,"column":41},"end":{"line":108,"column":42}}]},"22":{"loc":{"start":{"line":118,"column":11},"end":{"line":120,"column":56}},"type":"cond-expr","locations":[{"start":{"line":119,"column":8},"end":{"line":119,"column":87}},{"start":{"line":120,"column":8},"end":{"line":120,"column":56}}]},"23":{"loc":{"start":{"line":123,"column":9},"end":{"line":123,"column":37}},"type":"binary-expr","locations":[{"start":{"line":123,"column":9},"end":{"line":123,"column":19}},{"start":{"line":123,"column":23},"end":{"line":123,"column":37}}]},"24":{"loc":{"start":{"line":125,"column":6},"end":{"line":184,"column":7}},"type":"if","locations":[{"start":{"line":125,"column":6},"end":{"line":184,"column":7}}]},"25":{"loc":{"start":{"line":133,"column":8},"end":{"line":155,"column":9}},"type":"if","locations":[{"start":{"line":133,"column":8},"end":{"line":155,"column":9}}]},"26":{"loc":{"start":{"line":137,"column":24},"end":{"line":137,"column":102}},"type":"cond-expr","locations":[{"start":{"line":137,"column":50},"end":{"line":137,"column":74}},{"start":{"line":137,"column":77},"end":{"line":137,"column":102}}]},"27":{"loc":{"start":{"line":138,"column":25},"end":{"line":138,"column":97}},"type":"cond-expr","locations":[{"start":{"line":138,"column":49},"end":{"line":138,"column":71}},{"start":{"line":138,"column":74},"end":{"line":138,"column":97}}]},"28":{"loc":{"start":{"line":139,"column":25},"end":{"line":139,"column":97}},"type":"cond-expr","locations":[{"start":{"line":139,"column":49},"end":{"line":139,"column":71}},{"start":{"line":139,"column":74},"end":{"line":139,"column":97}}]},"29":{"loc":{"start":{"line":140,"column":24},"end":{"line":140,"column":173}},"type":"cond-expr","locations":[{"start":{"line":140,"column":54},"end":{"line":140,"column":81}},{"start":{"line":140,"column":84},"end":{"line":140,"column":173}}]},"30":{"loc":{"start":{"line":140,"column":84},"end":{"line":140,"column":173}},"type":"cond-expr","locations":[{"start":{"line":140,"column":113},"end":{"line":140,"column":141}},{"start":{"line":140,"column":144},"end":{"line":140,"column":173}}]},"31":{"loc":{"start":{"line":141,"column":24},"end":{"line":141,"column":90}},"type":"cond-expr","locations":[{"start":{"line":141,"column":46},"end":{"line":141,"column":66}},{"start":{"line":141,"column":69},"end":{"line":141,"column":90}}]},"32":{"loc":{"start":{"line":142,"column":22},"end":{"line":142,"column":85}},"type":"cond-expr","locations":[{"start":{"line":142,"column":43},"end":{"line":142,"column":62}},{"start":{"line":142,"column":65},"end":{"line":142,"column":85}}]},"33":{"loc":{"start":{"line":158,"column":10},"end":{"line":166,"column":11}},"type":"if","locations":[{"start":{"line":158,"column":10},"end":{"line":166,"column":11}}]},"34":{"loc":{"start":{"line":168,"column":10},"end":{"line":170,"column":11}},"type":"if","locations":[{"start":{"line":168,"column":10},"end":{"line":170,"column":11}}]},"35":{"loc":{"start":{"line":195,"column":16},"end":{"line":195,"column":77}},"type":"cond-expr","locations":[{"start":{"line":195,"column":31},"end":{"line":195,"column":73}},{"start":{"line":195,"column":76},"end":{"line":195,"column":77}}]},"36":{"loc":{"start":{"line":199,"column":4},"end":{"line":208,"column":5}},"type":"if","locations":[{"start":{"line":199,"column":4},"end":{"line":208,"column":5}}]}},"s":{"0":1,"1":1,"2":1,"3":29,"4":29,"5":29,"6":29,"7":29,"8":29,"9":0,"10":29,"11":29,"12":29,"13":29,"14":29,"15":29,"16":29,"17":2,"18":2,"19":1,"20":2,"21":1,"22":2,"23":2,"24":27,"25":1,"26":27,"27":1,"28":27,"29":25,"30":25,"31":27,"32":2,"33":2,"34":1,"35":2,"36":27,"37":2,"38":2,"39":1,"40":2,"41":27,"42":27,"43":27,"44":27,"45":27,"46":972,"47":27,"48":27,"49":809,"50":809,"51":809,"52":809,"53":809,"54":27,"55":27,"56":54,"57":54,"58":54,"59":54,"60":54,"61":56,"62":54,"63":108,"64":54,"65":54,"66":54,"67":2,"68":2,"69":2,"70":2,"71":2,"72":2,"73":2,"74":2,"75":2,"76":2,"77":52,"78":54,"79":51,"80":51,"81":51,"82":51,"83":51,"84":51,"85":51,"86":54,"87":3,"88":54,"89":52,"90":52,"91":230,"92":52,"93":27,"94":27,"95":27,"96":27,"97":924,"98":924,"99":27,"100":27,"101":27,"102":27,"103":27,"104":27,"105":1},"f":{"0":29,"1":0,"2":0,"3":32,"4":1,"5":1,"6":1,"7":1,"8":972,"9":809,"10":54,"11":56,"12":108,"13":54,"14":54,"15":230,"16":924,"17":924},"b":{"0":[1],"1":[29,28],"2":[29,28],"3":[29,28],"4":[29,1],"5":[29,26],"6":[29,27],"7":[29,27],"8":[1,28],"9":[2],"10":[2,1],"11":[1,1],"12":[2,1],"13":[1,1],"14":[1],"15":[1],"16":[25],"17":[2],"18":[1,1],"19":[2],"20":[1,1],"21":[1,26],"22":[32,777],"23":[54,27],"24":[54],"25":[2],"26":[0,2],"27":[2,0],"28":[2,0],"29":[2,0],"30":[0,0],"31":[0,2],"32":[0,2],"33":[51],"34":[3],"35":[757,167],"36":[27]}}
}
